<?xml version="1.0" encoding="UTF-8"?>
<!-- Generated by org.testng.reporters.JUnitReportReporter -->
<testsuite hostname="DESKTOP-E6SHMCM" failures="0" tests="5" name="Package.Exercise" time="2.078" errors="0" timestamp="2024-10-12T14:45:25 EEST" skipped="0">
  <testcase classname="Package.Exercise" name="checkVisibility" time="0.197"/>
  <system-out/>
  <testcase classname="Package.Exercise" name="validCred" time="0.552"/>
  <system-out/>
  <testcase classname="Package.Exercise" name="invalidCred" time="0.533"/>
  <system-out/>
  <testcase classname="Package.Exercise" name="emptyUser" time="0.419"/>
  <system-out/>
  <testcase classname="Package.Exercise" name="emptyPass" time="0.377"/>
  <system-out/>
</testsuite> <!-- Package.Exercise -->
