<?xml version="1.0" encoding="UTF-8"?>
<!-- Generated by org.testng.reporters.JUnitReportReporter -->
<testsuite hostname="DESKTOP-E6SHMCM" failures="0" tests="2" name="Package.Class" time="8.005" errors="0" timestamp="2024-02-21T20:52:13 EET" skipped="0">
  <testcase classname="Package.Class" name="veryifyTitle" time="2.365"/>
  <system-out/>
  <testcase classname="Package.Class" name="verifyLogo" time="5.640"/>
  <system-out/>
</testsuite> <!-- Package.Class -->
